Using pre-set license
Built from '2020.3/staging' branch; Version is '2020.3.19f1 (68f137dc9bbe) revision 6877495'; Using compiler version '192528614'; Build Type 'Release'
OS: 'Windows 10 Education; OS build 19042.1237; Version 2009; 64bit' Language: 'en' Physical Memory: 16317 MB
BatchMode: 1, IsHumanControllingUs: 0, StartBugReporterOnCrash: 0, Is64bit: 1, IsPro: 0

COMMAND LINE ARGUMENTS:
D:\Program Files\Unity\Editor\2020.3.19f1\Editor\Unity.exe
-adb2
-batchMode
-noUpm
-name
AssetImportWorker0
-projectPath
D:/Users/karin/Documents/_personal/GitHub/Shark-Truce-Project
-logFile
Logs/AssetImportWorker0.log
-srvPort
56412
Successfully changed project path to: D:/Users/karin/Documents/_personal/GitHub/Shark-Truce-Project
D:/Users/karin/Documents/_personal/GitHub/Shark-Truce-Project
Using Asset Import Pipeline V2.
Refreshing native plugins compatible for Editor in 39.27 ms, found 3 plugins.
Preloading 0 native plugins for Editor in 0.00 ms.
Initialize engine version: 2020.3.19f1 (68f137dc9bbe)
[Subsystems] Discovering subsystems at path D:/Program Files/Unity/Editor/2020.3.19f1/Editor/Data/Resources/UnitySubsystems
[Subsystems] Discovering subsystems at path D:/Users/karin/Documents/_personal/GitHub/Shark-Truce-Project/Assets
GfxDevice: creating device client; threaded=0
Direct3D:
    Version:  Direct3D 11.0 [level 11.1]
    Renderer: NVIDIA GeForce GTX 970 (ID=0x13c2)
    Vendor:   
    VRAM:     4043 MB
    Driver:   27.21.14.5671
Initialize mono
Mono path[0] = 'D:/Program Files/Unity/Editor/2020.3.19f1/Editor/Data/Managed'
Mono path[1] = 'D:/Program Files/Unity/Editor/2020.3.19f1/Editor/Data/MonoBleedingEdge/lib/mono/unityjit'
Mono config path = 'D:/Program Files/Unity/Editor/2020.3.19f1/Editor/Data/MonoBleedingEdge/etc'
Using monoOptions --debugger-agent=transport=dt_socket,embedding=1,server=y,suspend=n,address=127.0.0.1:56720
Begin MonoManager ReloadAssembly
Registering precompiled unity dll's ...
Register platform support module: D:/Program Files/Unity/Editor/2020.3.19f1/Editor/Data/PlaybackEngines/WindowsStandaloneSupport/UnityEditor.WindowsStandalone.Extensions.dll
Registered in 0.003784 seconds.
Native extension for WindowsStandalone target not found
Refreshing native plugins compatible for Editor in 36.36 ms, found 3 plugins.
Preloading 0 native plugins for Editor in 0.00 ms.
Mono: successfully reloaded assembly
- Completed reload, in  1.131 seconds
Domain Reload Profiling:
	ReloadAssembly (1131ms)
		BeginReloadAssembly (63ms)
			ExecutionOrderSort (0ms)
			DisableScriptedObjects (0ms)
			BackupInstance (0ms)
			ReleaseScriptingObjects (0ms)
			CreateAndSetChildDomain (1ms)
		EndReloadAssembly (373ms)
			LoadAssemblies (59ms)
			RebuildTransferFunctionScriptingTraits (0ms)
			SetupTypeCache (132ms)
			ReleaseScriptCaches (0ms)
			RebuildScriptCaches (27ms)
			SetupLoadedEditorAssemblies (144ms)
				LogAssemblyErrors (0ms)
				InitializePlatformSupportModulesInManaged (4ms)
				SetLoadedEditorAssemblies (0ms)
				RefreshPlugins (36ms)
				BeforeProcessingInitializeOnLoad (10ms)
				ProcessInitializeOnLoadAttributes (69ms)
				ProcessInitializeOnLoadMethodAttributes (24ms)
				AfterProcessingInitializeOnLoad (0ms)
				EditorAssembliesLoaded (0ms)
			ExecutionOrderSort2 (0ms)
			AwakeInstancesAfterBackupRestoration (0ms)
Platform modules already initialized, skipping
Registering precompiled user dll's ...
Registered in 0.005782 seconds.
Begin MonoManager ReloadAssembly
Native extension for WindowsStandalone target not found
Refreshing native plugins compatible for Editor in 35.55 ms, found 3 plugins.
Preloading 0 native plugins for Editor in 0.00 ms.
Mono: successfully reloaded assembly
- Completed reload, in  1.042 seconds
Domain Reload Profiling:
	ReloadAssembly (1043ms)
		BeginReloadAssembly (139ms)
			ExecutionOrderSort (0ms)
			DisableScriptedObjects (4ms)
			BackupInstance (0ms)
			ReleaseScriptingObjects (0ms)
			CreateAndSetChildDomain (16ms)
		EndReloadAssembly (839ms)
			LoadAssemblies (101ms)
			RebuildTransferFunctionScriptingTraits (0ms)
			SetupTypeCache (256ms)
			ReleaseScriptCaches (0ms)
			RebuildScriptCaches (41ms)
			SetupLoadedEditorAssemblies (330ms)
				LogAssemblyErrors (0ms)
				InitializePlatformSupportModulesInManaged (4ms)
				SetLoadedEditorAssemblies (0ms)
				RefreshPlugins (36ms)
				BeforeProcessingInitializeOnLoad (84ms)
				ProcessInitializeOnLoadAttributes (184ms)
				ProcessInitializeOnLoadMethodAttributes (11ms)
				AfterProcessingInitializeOnLoad (12ms)
				EditorAssembliesLoaded (0ms)
			ExecutionOrderSort2 (0ms)
			AwakeInstancesAfterBackupRestoration (5ms)
Platform modules already initialized, skipping
========================================================================
Worker process is ready to serve import requests
Launched and connected shader compiler UnityShaderCompiler.exe after 0.08 seconds
Refreshing native plugins compatible for Editor in 0.38 ms, found 3 plugins.
Preloading 0 native plugins for Editor in 0.00 ms.
Unloading 2115 Unused Serialized files (Serialized files now loaded: 0)
System memory in use before: 93.7 MB.
System memory in use after: 93.7 MB.

Unloading 27 unused Assets to reduce memory usage. Loaded Objects now: 2557.
Total: 11.496200 ms (FindLiveObjects: 0.179900 ms CreateObjectMapping: 0.064200 ms MarkObjects: 11.183700 ms  DeleteObjects: 0.066500 ms)

AssetImportParameters requested are different than current active one (requested -> active):
  custom:framework-win-MediaFoundation: 216162199b28c13a410421893ffa2e32 -> 
  custom:video-decoder-ogg-theora: a1e56fd34408186e4bbccfd4996cb3dc -> 
  custom:container-muxer-webm: aa71ff27fc2769a1b78a27578f13a17b -> 
  custom:container-demuxer-webm: 4f35f7cbe854078d1ac9338744f61a02 -> 
  custom:container-demuxer-ogg: 62fdf1f143b41e24485cea50d1cbac27 -> 
  custom:video-encoder-webm-vp8: eb34c28f22e8b96e1ab97ce403110664 -> 
  custom:video-codec-MediaFoundation-h265: 746d11721c4dcdbdad8f713fa42b33f4 -> 
  custom:video-decoder-webm-vp8: 9c59270c3fd7afecdb556c50c9e8de78 -> 
  custom:audio-decoder-ogg-vorbis: bf7c407c2cedff20999df2af8eb42d56 -> 
  custom:audio-encoder-webm-vorbis: bf7c407c2cedff20999df2af8eb42d56 -> 
========================================================================
Received Import Request.
  path: Assets/Art/cart.png
  artifactKey: Guid(67af1eea7e8ca87469029c9bd9b4b7cf) Importer(815301076,1909f56bfc062723c751e8b465ee728b)
Start importing Assets/Art/cart.png using Guid(67af1eea7e8ca87469029c9bd9b4b7cf) Importer(815301076,1909f56bfc062723c751e8b465ee728b)  -> (artifact id: 'd92fdb7716d65c92c1af7e047521d59d') in 0.180666 seconds 
  Import took 0.194663 seconds .

========================================================================
Received Import Request.
  Time since last request: 0.000173 seconds.
  path: Assets/Art/cabinet.png
  artifactKey: Guid(140da6f7524f106479f613159f580afa) Importer(815301076,1909f56bfc062723c751e8b465ee728b)
Start importing Assets/Art/cabinet.png using Guid(140da6f7524f106479f613159f580afa) Importer(815301076,1909f56bfc062723c751e8b465ee728b)  -> (artifact id: '6aae0b7b491b6398c588c62f0d869f82') in 0.012774 seconds 
  Import took 0.015622 seconds .

========================================================================
Received Import Request.
  Time since last request: 0.000215 seconds.
  path: Assets/Art/square.png
  artifactKey: Guid(8013a6c3793e1ac4fb3b37e51e60b209) Importer(815301076,1909f56bfc062723c751e8b465ee728b)
Start importing Assets/Art/square.png using Guid(8013a6c3793e1ac4fb3b37e51e60b209) Importer(815301076,1909f56bfc062723c751e8b465ee728b)  -> (artifact id: 'b49e28a7e8430f86ed8fb5a820dd0fe7') in 0.012746 seconds 
  Import took 0.015534 seconds .

========================================================================
Received Import Request.
  Time since last request: 0.000231 seconds.
  path: Assets/Art/countertop.png
  artifactKey: Guid(e25f9108296c9df4f960545645fabe20) Importer(815301076,1909f56bfc062723c751e8b465ee728b)
Start importing Assets/Art/countertop.png using Guid(e25f9108296c9df4f960545645fabe20) Importer(815301076,1909f56bfc062723c751e8b465ee728b)  -> (artifact id: 'd77c7c910c4929b7483fe2d5ca6c4284') in 0.011769 seconds 
  Import took 0.014401 seconds .

========================================================================
Received Import Request.
  Time since last request: 0.000251 seconds.
  path: Assets/Art/shelf.png
  artifactKey: Guid(740d6a43bfc89b14dbd2cb860573b01f) Importer(815301076,1909f56bfc062723c751e8b465ee728b)
Start importing Assets/Art/shelf.png using Guid(740d6a43bfc89b14dbd2cb860573b01f) Importer(815301076,1909f56bfc062723c751e8b465ee728b)  -> (artifact id: 'f8b55f5f072618d78ea0409749b7391b') in 0.011509 seconds 
  Import took 0.014306 seconds .

========================================================================
Received Import Request.
  Time since last request: 0.000251 seconds.
  path: Assets/Art/test.gif
  artifactKey: Guid(ebc8c64ea9a88574591e09c7b86dc441) Importer(815301076,1909f56bfc062723c751e8b465ee728b)
Start importing Assets/Art/test.gif using Guid(ebc8c64ea9a88574591e09c7b86dc441) Importer(815301076,1909f56bfc062723c751e8b465ee728b)  -> (artifact id: '7b91b2154bb107b7e8bba1e230d6abe0') in 0.014254 seconds 
  Import took 0.016826 seconds .

========================================================================
Received Import Request.
  Time since last request: 0.000243 seconds.
  path: Assets/Art/ventilation.png
  artifactKey: Guid(be188b83b2ffcac4d9f1b1eed8e13899) Importer(815301076,1909f56bfc062723c751e8b465ee728b)
Start importing Assets/Art/ventilation.png using Guid(be188b83b2ffcac4d9f1b1eed8e13899) Importer(815301076,1909f56bfc062723c751e8b465ee728b)  -> (artifact id: '71ff62223be1b905ae683ac9de35e368') in 0.011703 seconds 
  Import took 0.014264 seconds .

========================================================================
Received Import Request.
  Time since last request: 0.000246 seconds.
  path: Assets/Art/stove.png
  artifactKey: Guid(c77fc39407fd75c48b01ba9d0cc0affa) Importer(815301076,1909f56bfc062723c751e8b465ee728b)
Start importing Assets/Art/stove.png using Guid(c77fc39407fd75c48b01ba9d0cc0affa) Importer(815301076,1909f56bfc062723c751e8b465ee728b)  -> (artifact id: 'cc82178e432a85e40a50252176a1ed01') in 0.011778 seconds 
  Import took 0.014303 seconds .

========================================================================
Received Import Request.
  Time since last request: 0.000234 seconds.
  path: Assets/Art
  artifactKey: Guid(d8ac80e6edd69e54f80c8f8abf276cac) Importer(815301076,1909f56bfc062723c751e8b465ee728b)
Start importing Assets/Art using Guid(d8ac80e6edd69e54f80c8f8abf276cac) Importer(815301076,1909f56bfc062723c751e8b465ee728b)  -> (artifact id: 'd255433ff0b47f92de99bd7be99addcb') in 0.004853 seconds 
  Import took 0.007313 seconds .

========================================================================
Received Import Request.
  Time since last request: 0.000201 seconds.
  path: Assets/Art/fridge.png
  artifactKey: Guid(c5896cf446d4b474fa6ac275c7f91231) Importer(815301076,1909f56bfc062723c751e8b465ee728b)
Start importing Assets/Art/fridge.png using Guid(c5896cf446d4b474fa6ac275c7f91231) Importer(815301076,1909f56bfc062723c751e8b465ee728b)  -> (artifact id: 'f7580a56416ebe6b0d71980bf720f7f9') in 0.011452 seconds 
  Import took 0.014031 seconds .

========================================================================
Received Import Request.
  Time since last request: 0.000261 seconds.
  path: Assets/Art/chars.png
  artifactKey: Guid(ec8e8763f8ac7744a81b3b9b4de48c6f) Importer(815301076,1909f56bfc062723c751e8b465ee728b)
Start importing Assets/Art/chars.png using Guid(ec8e8763f8ac7744a81b3b9b4de48c6f) Importer(815301076,1909f56bfc062723c751e8b465ee728b)  -> (artifact id: 'ef59bfafb63917229eb879d49639c154') in 0.020354 seconds 
  Import took 0.023113 seconds .

========================================================================
Received Import Request.
  Time since last request: 0.000249 seconds.
  path: Assets/Art/jar.png
  artifactKey: Guid(f3c6407a2b8052e4cb2a38b7042df5bd) Importer(815301076,1909f56bfc062723c751e8b465ee728b)
Start importing Assets/Art/jar.png using Guid(f3c6407a2b8052e4cb2a38b7042df5bd) Importer(815301076,1909f56bfc062723c751e8b465ee728b)  -> (artifact id: '29d4a0f964576fb2df9742443b358a64') in 0.011884 seconds 
  Import took 0.014385 seconds .

========================================================================
Received Import Request.
  Time since last request: 10.441379 seconds.
  path: Assets/Art/New Folder
  artifactKey: Guid(0c4c4e4e27ba5ba4ab92db07a5be69a8) Importer(815301076,1909f56bfc062723c751e8b465ee728b)
Start importing Assets/Art/New Folder using Guid(0c4c4e4e27ba5ba4ab92db07a5be69a8) Importer(815301076,1909f56bfc062723c751e8b465ee728b)  -> (artifact id: '813cc062b4f00d128cb7e4d82403cf1e') in 0.005187 seconds 
  Import took 0.007983 seconds .

========================================================================
Received Import Request.
  Time since last request: 38.709347 seconds.
  path: Assets/Art/New Folder/arm.png
  artifactKey: Guid(115b09bce0d9b3246a00c7541819c198) Importer(815301076,1909f56bfc062723c751e8b465ee728b)
Start importing Assets/Art/New Folder/arm.png using Guid(115b09bce0d9b3246a00c7541819c198) Importer(815301076,1909f56bfc062723c751e8b465ee728b)  -> (artifact id: '6e793034af3244744e0d67aa76e457da') in 0.029126 seconds 
  Import took 0.032364 seconds .

========================================================================
Received Import Request.
  Time since last request: 0.000239 seconds.
  path: Assets/Art/New Folder/legs.png
  artifactKey: Guid(d3fe5f9d6dcef05449a02332e31efc05) Importer(815301076,1909f56bfc062723c751e8b465ee728b)
Start importing Assets/Art/New Folder/legs.png using Guid(d3fe5f9d6dcef05449a02332e31efc05) Importer(815301076,1909f56bfc062723c751e8b465ee728b)  -> (artifact id: '2521bbd2aa19825e4eb23790edf978b2') in 0.014316 seconds 
  Import took 0.016799 seconds .

========================================================================
Received Import Request.
  Time since last request: 2.554361 seconds.
  path: Assets/Prefabs/Basic Char Mat.physicsMaterial2D
  artifactKey: Guid(cb0988fdc2705c943a84406fe97bff7c) Importer(815301076,1909f56bfc062723c751e8b465ee728b)
Start importing Assets/Prefabs/Basic Char Mat.physicsMaterial2D using Guid(cb0988fdc2705c943a84406fe97bff7c) Importer(815301076,1909f56bfc062723c751e8b465ee728b)  -> (artifact id: 'f58780ca91122e92cd535d3f826049f6') in 0.007981 seconds 
  Import took 0.010814 seconds .

========================================================================
Received Import Request.
  Time since last request: 0.000185 seconds.
  path: Assets/Prefabs/Basic Character.prefab
  artifactKey: Guid(93bb0de52b89c784bb867f5ea3f07fd1) Importer(815301076,1909f56bfc062723c751e8b465ee728b)
Start importing Assets/Prefabs/Basic Character.prefab using Guid(93bb0de52b89c784bb867f5ea3f07fd1) Importer(815301076,1909f56bfc062723c751e8b465ee728b)  -> (artifact id: '132314a97283ba5e6657e95e5ef30d5c') in 0.143957 seconds 
  Import took 0.147165 seconds .

========================================================================
Received Import Request.
  Time since last request: 0.000261 seconds.
  path: Assets/Prefabs/Egg.prefab
  artifactKey: Guid(e15628305b5eba14a80c27a68fa79599) Importer(815301076,1909f56bfc062723c751e8b465ee728b)
Start importing Assets/Prefabs/Egg.prefab using Guid(e15628305b5eba14a80c27a68fa79599) Importer(815301076,1909f56bfc062723c751e8b465ee728b)  -> (artifact id: 'd418e65263ac8d8de6c71e53cc029e4d') in 0.026547 seconds 
  Import took 0.029978 seconds .

========================================================================
Received Import Request.
  Time since last request: 0.000214 seconds.
  path: Assets/Prefabs/Init.prefab
  artifactKey: Guid(c1dd17aa48bea214694db1c095b88324) Importer(815301076,1909f56bfc062723c751e8b465ee728b)
Start importing Assets/Prefabs/Init.prefab using Guid(c1dd17aa48bea214694db1c095b88324) Importer(815301076,1909f56bfc062723c751e8b465ee728b)  -> (artifact id: 'be69ccb94b95a0ec3f864ebb08cb48f7') in 0.008952 seconds 
  Import took 0.011607 seconds .

========================================================================
Received Import Request.
  Time since last request: 0.000199 seconds.
  path: Assets/Prefabs/Patty.prefab
  artifactKey: Guid(fa8822f91fd086d4681cae0425abd557) Importer(815301076,1909f56bfc062723c751e8b465ee728b)
Start importing Assets/Prefabs/Patty.prefab using Guid(fa8822f91fd086d4681cae0425abd557) Importer(815301076,1909f56bfc062723c751e8b465ee728b)  -> (artifact id: '5f4bdbb8227ef587d48f77fd88b12f2f') in 0.012516 seconds 
  Import took 0.015272 seconds .

========================================================================
Received Import Request.
  Time since last request: 0.000212 seconds.
  path: Assets/Prefabs/Tomato.prefab
  artifactKey: Guid(78731a5391ad6b142a21f84040318938) Importer(815301076,1909f56bfc062723c751e8b465ee728b)
Start importing Assets/Prefabs/Tomato.prefab using Guid(78731a5391ad6b142a21f84040318938) Importer(815301076,1909f56bfc062723c751e8b465ee728b)  -> (artifact id: '1bbfb6888c8dd88832ea9c3a71029865') in 0.013950 seconds 
  Import took 0.016624 seconds .

========================================================================
Received Import Request.
  Time since last request: 0.000169 seconds.
  path: Assets/Prefabs/Character Button.prefab
  artifactKey: Guid(766c00c612539714eac6135bb62b94fc) Importer(815301076,1909f56bfc062723c751e8b465ee728b)
Start importing Assets/Prefabs/Character Button.prefab using Guid(766c00c612539714eac6135bb62b94fc) Importer(815301076,1909f56bfc062723c751e8b465ee728b)  -> (artifact id: '1a17b064a102d721db9b6c0bd4f072f9') in 0.008240 seconds 
  Import took 0.011094 seconds .

========================================================================
Received Import Request.
  Time since last request: 0.000243 seconds.
  path: Assets/Prefabs/Seed Bullet.prefab
  artifactKey: Guid(e0d69d159f7435e479e85d1793f54886) Importer(815301076,1909f56bfc062723c751e8b465ee728b)
Start importing Assets/Prefabs/Seed Bullet.prefab using Guid(e0d69d159f7435e479e85d1793f54886) Importer(815301076,1909f56bfc062723c751e8b465ee728b)  -> (artifact id: '86f066f6c8988311ea9b42712a047f78') in 0.009634 seconds 
  Import took 0.012485 seconds .

========================================================================
Received Import Request.
  Time since last request: 0.000168 seconds.
  path: Assets/Prefabs/Lettuce.prefab
  artifactKey: Guid(4e5e2edcd1464b547a6bdb2cd9f1382c) Importer(815301076,1909f56bfc062723c751e8b465ee728b)
Start importing Assets/Prefabs/Lettuce.prefab using Guid(4e5e2edcd1464b547a6bdb2cd9f1382c) Importer(815301076,1909f56bfc062723c751e8b465ee728b)  -> (artifact id: '398b6b685c87e8cbf44ca1d920f301da') in 0.013136 seconds 
  Import took 0.016233 seconds .

========================================================================
Received Import Request.
  Time since last request: 0.000259 seconds.
  path: Assets/Prefabs/Cheese.prefab
  artifactKey: Guid(2d86f081e4d462b4a9f199f4743a9345) Importer(815301076,1909f56bfc062723c751e8b465ee728b)
Start importing Assets/Prefabs/Cheese.prefab using Guid(2d86f081e4d462b4a9f199f4743a9345) Importer(815301076,1909f56bfc062723c751e8b465ee728b)  -> (artifact id: 'c553f1b2a1cf0d380940a5024bf6f8e6') in 0.012578 seconds 
  Import took 0.015651 seconds .

========================================================================
Received Import Request.
  Time since last request: 0.000197 seconds.
  path: Assets/Prefabs/Game Controller.prefab
  artifactKey: Guid(06642004bed71f642b6577d322cba71f) Importer(815301076,1909f56bfc062723c751e8b465ee728b)
Start importing Assets/Prefabs/Game Controller.prefab using Guid(06642004bed71f642b6577d322cba71f) Importer(815301076,1909f56bfc062723c751e8b465ee728b)  -> (artifact id: '5612f06dbcaea9a46c391bc3bbee7265') in 0.007994 seconds 
  Import took 0.010760 seconds .

========================================================================
Received Import Request.
  Time since last request: 25.609326 seconds.
  path: Assets/Scenes/Init.unity
  artifactKey: Guid(60381b9b6770ab348b627379a380c6a6) Importer(815301076,1909f56bfc062723c751e8b465ee728b)
Start importing Assets/Scenes/Init.unity using Guid(60381b9b6770ab348b627379a380c6a6) Importer(815301076,1909f56bfc062723c751e8b465ee728b)  -> (artifact id: '2efb0195f45ffb095e09fc94ae501830') in 0.006273 seconds 
  Import took 0.009222 seconds .

========================================================================
Received Import Request.
  Time since last request: 1.970238 seconds.
  path: Assets/Scenes/SampleScene.unity
  artifactKey: Guid(2cda990e2423bbf4892e6590ba056729) Importer(815301076,1909f56bfc062723c751e8b465ee728b)
Start importing Assets/Scenes/SampleScene.unity using Guid(2cda990e2423bbf4892e6590ba056729) Importer(815301076,1909f56bfc062723c751e8b465ee728b)  -> (artifact id: '3155cbfd4cf386cada48f5948d7c046d') in 0.007432 seconds 
  Import took 0.010243 seconds .

========================================================================
Received Import Request.
  Time since last request: 2.914433 seconds.
  path: Assets/Scenes/LevelSelect.unity
  artifactKey: Guid(b690f0efc0d36274ba0ab22cefc72d7d) Importer(815301076,1909f56bfc062723c751e8b465ee728b)
Start importing Assets/Scenes/LevelSelect.unity using Guid(b690f0efc0d36274ba0ab22cefc72d7d) Importer(815301076,1909f56bfc062723c751e8b465ee728b)  -> (artifact id: '1e4a66aa960c6a7b5278ac2eaa4fff8b') in 0.005907 seconds 
  Import took 0.008843 seconds .

========================================================================
Received Prepare
Registering precompiled user dll's ...
Registered in 0.005348 seconds.
Begin MonoManager ReloadAssembly
Native extension for WindowsStandalone target not found
Refreshing native plugins compatible for Editor in 0.39 ms, found 3 plugins.
Preloading 0 native plugins for Editor in 0.00 ms.
Mono: successfully reloaded assembly
- Completed reload, in  0.978 seconds
Domain Reload Profiling:
	ReloadAssembly (978ms)
		BeginReloadAssembly (131ms)
			ExecutionOrderSort (0ms)
			DisableScriptedObjects (5ms)
			BackupInstance (0ms)
			ReleaseScriptingObjects (0ms)
			CreateAndSetChildDomain (36ms)
		EndReloadAssembly (778ms)
			LoadAssemblies (103ms)
			RebuildTransferFunctionScriptingTraits (0ms)
			SetupTypeCache (257ms)
			ReleaseScriptCaches (1ms)
			RebuildScriptCaches (36ms)
			SetupLoadedEditorAssemblies (298ms)
				LogAssemblyErrors (0ms)
				InitializePlatformSupportModulesInManaged (4ms)
				SetLoadedEditorAssemblies (0ms)
				RefreshPlugins (0ms)
				BeforeProcessingInitializeOnLoad (99ms)
				ProcessInitializeOnLoadAttributes (177ms)
				ProcessInitializeOnLoadMethodAttributes (5ms)
				AfterProcessingInitializeOnLoad (12ms)
				EditorAssembliesLoaded (0ms)
			ExecutionOrderSort2 (0ms)
			AwakeInstancesAfterBackupRestoration (9ms)
Platform modules already initialized, skipping
Refreshing native plugins compatible for Editor in 0.46 ms, found 3 plugins.
Preloading 0 native plugins for Editor in 0.00 ms.
Unloading 2105 Unused Serialized files (Serialized files now loaded: 0)
System memory in use before: 96.2 MB.
System memory in use after: 96.3 MB.

Unloading 17 unused Assets to reduce memory usage. Loaded Objects now: 2573.
Total: 3.147800 ms (FindLiveObjects: 0.193700 ms CreateObjectMapping: 0.070500 ms MarkObjects: 2.830300 ms  DeleteObjects: 0.052100 ms)

AssetImportParameters requested are different than current active one (requested -> active):
  custom:framework-win-MediaFoundation: 216162199b28c13a410421893ffa2e32 -> 
  custom:video-decoder-ogg-theora: a1e56fd34408186e4bbccfd4996cb3dc -> 
  custom:container-muxer-webm: aa71ff27fc2769a1b78a27578f13a17b -> 
  custom:container-demuxer-webm: 4f35f7cbe854078d1ac9338744f61a02 -> 
  custom:container-demuxer-ogg: 62fdf1f143b41e24485cea50d1cbac27 -> 
  custom:video-encoder-webm-vp8: eb34c28f22e8b96e1ab97ce403110664 -> 
  custom:video-codec-MediaFoundation-h265: 746d11721c4dcdbdad8f713fa42b33f4 -> 
  custom:video-decoder-webm-vp8: 9c59270c3fd7afecdb556c50c9e8de78 -> 
  custom:audio-decoder-ogg-vorbis: bf7c407c2cedff20999df2af8eb42d56 -> 
  custom:audio-encoder-webm-vorbis: bf7c407c2cedff20999df2af8eb42d56 -> 
========================================================================
Received Prepare
Registering precompiled user dll's ...
Registered in 0.006745 seconds.
Begin MonoManager ReloadAssembly
Native extension for WindowsStandalone target not found
Refreshing native plugins compatible for Editor in 0.41 ms, found 3 plugins.
Preloading 0 native plugins for Editor in 0.00 ms.
Mono: successfully reloaded assembly
- Completed reload, in  0.972 seconds
Domain Reload Profiling:
	ReloadAssembly (973ms)
		BeginReloadAssembly (128ms)
			ExecutionOrderSort (0ms)
			DisableScriptedObjects (5ms)
			BackupInstance (0ms)
			ReleaseScriptingObjects (0ms)
			CreateAndSetChildDomain (33ms)
		EndReloadAssembly (779ms)
			LoadAssemblies (102ms)
			RebuildTransferFunctionScriptingTraits (0ms)
			SetupTypeCache (260ms)
			ReleaseScriptCaches (1ms)
			RebuildScriptCaches (36ms)
			SetupLoadedEditorAssemblies (294ms)
				LogAssemblyErrors (0ms)
				InitializePlatformSupportModulesInManaged (5ms)
				SetLoadedEditorAssemblies (0ms)
				RefreshPlugins (0ms)
				BeforeProcessingInitializeOnLoad (97ms)
				ProcessInitializeOnLoadAttributes (175ms)
				ProcessInitializeOnLoadMethodAttributes (5ms)
				AfterProcessingInitializeOnLoad (12ms)
				EditorAssembliesLoaded (0ms)
			ExecutionOrderSort2 (0ms)
			AwakeInstancesAfterBackupRestoration (9ms)
Platform modules already initialized, skipping
Refreshing native plugins compatible for Editor in 0.40 ms, found 3 plugins.
Preloading 0 native plugins for Editor in 0.00 ms.
Unloading 2116 Unused Serialized files (Serialized files now loaded: 0)
System memory in use before: 96.6 MB.
System memory in use after: 96.7 MB.

Unloading 17 unused Assets to reduce memory usage. Loaded Objects now: 2590.
Total: 3.192400 ms (FindLiveObjects: 0.320700 ms CreateObjectMapping: 0.104100 ms MarkObjects: 2.735400 ms  DeleteObjects: 0.030600 ms)

AssetImportParameters requested are different than current active one (requested -> active):
  custom:framework-win-MediaFoundation: 216162199b28c13a410421893ffa2e32 -> 
  custom:video-decoder-ogg-theora: a1e56fd34408186e4bbccfd4996cb3dc -> 
  custom:container-muxer-webm: aa71ff27fc2769a1b78a27578f13a17b -> 
  custom:container-demuxer-webm: 4f35f7cbe854078d1ac9338744f61a02 -> 
  custom:container-demuxer-ogg: 62fdf1f143b41e24485cea50d1cbac27 -> 
  custom:video-encoder-webm-vp8: eb34c28f22e8b96e1ab97ce403110664 -> 
  custom:video-codec-MediaFoundation-h265: 746d11721c4dcdbdad8f713fa42b33f4 -> 
  custom:video-decoder-webm-vp8: 9c59270c3fd7afecdb556c50c9e8de78 -> 
  custom:audio-decoder-ogg-vorbis: bf7c407c2cedff20999df2af8eb42d56 -> 
  custom:audio-encoder-webm-vorbis: bf7c407c2cedff20999df2af8eb42d56 -> 
========================================================================
Received Import Request.
  Time since last request: 2313.149023 seconds.
  path: Assets/Art/cabinet.png
  artifactKey: Guid(00e6a1f1a2448374aafd222befbc9f17) Importer(815301076,1909f56bfc062723c751e8b465ee728b)
Start importing Assets/Art/cabinet.png using Guid(00e6a1f1a2448374aafd222befbc9f17) Importer(815301076,1909f56bfc062723c751e8b465ee728b)  -> (artifact id: 'a621c6a15a564aa295c02cfcaca282e4') in 0.045782 seconds 
  Import took 0.049194 seconds .

========================================================================
Received Import Request.
  Time since last request: 0.000259 seconds.
  path: Assets/Art/ventilation.png
  artifactKey: Guid(d2e0201fc031c9745ba20bebe6f15393) Importer(815301076,1909f56bfc062723c751e8b465ee728b)
Start importing Assets/Art/ventilation.png using Guid(d2e0201fc031c9745ba20bebe6f15393) Importer(815301076,1909f56bfc062723c751e8b465ee728b)  -> (artifact id: '1c12675aae5de94b84ca29028b6fd763') in 0.015507 seconds 
  Import took 0.018177 seconds .

========================================================================
Received Import Request.
  Time since last request: 0.000276 seconds.
  path: Assets/Art/cart.png
  artifactKey: Guid(2e9db6a2e3c86a24e8068906ec968fe8) Importer(815301076,1909f56bfc062723c751e8b465ee728b)
Start importing Assets/Art/cart.png using Guid(2e9db6a2e3c86a24e8068906ec968fe8) Importer(815301076,1909f56bfc062723c751e8b465ee728b)  -> (artifact id: '1b0bf425faafe8e3b94be57071f55fe5') in 0.014479 seconds 
  Import took 0.017739 seconds .

========================================================================
Received Import Request.
  Time since last request: 0.000216 seconds.
  path: Assets/Art/stove.png
  artifactKey: Guid(e405819b603a1be40b208da33ca00bba) Importer(815301076,1909f56bfc062723c751e8b465ee728b)
Start importing Assets/Art/stove.png using Guid(e405819b603a1be40b208da33ca00bba) Importer(815301076,1909f56bfc062723c751e8b465ee728b)  -> (artifact id: '8d6092cc38f79525ee77d52a733d29aa') in 0.028067 seconds 
  Import took 0.031044 seconds .

========================================================================
Received Import Request.
  Time since last request: 0.000206 seconds.
  path: Assets/Art/shelf.png
  artifactKey: Guid(49c108dd5e53de24bbe3737c9a82dcac) Importer(815301076,1909f56bfc062723c751e8b465ee728b)
Start importing Assets/Art/shelf.png using Guid(49c108dd5e53de24bbe3737c9a82dcac) Importer(815301076,1909f56bfc062723c751e8b465ee728b)  -> (artifact id: '58146e62833651def302611254347150') in 0.017193 seconds 
  Import took 0.021812 seconds .

========================================================================
Received Import Request.
  Time since last request: 0.000271 seconds.
  path: Assets/Art/jar.png
  artifactKey: Guid(22f278d452b8028479ba9d0587af07da) Importer(815301076,1909f56bfc062723c751e8b465ee728b)
Start importing Assets/Art/jar.png using Guid(22f278d452b8028479ba9d0587af07da) Importer(815301076,1909f56bfc062723c751e8b465ee728b)  -> (artifact id: 'fb24f06f75a5a49e3bdee8cbb986f6c8') in 0.015427 seconds 
  Import took 0.018690 seconds .

========================================================================
Received Import Request.
  Time since last request: 0.000146 seconds.
  path: Assets/Art/countertop.png
  artifactKey: Guid(00ead5066f624144b9efc5e4cfeff186) Importer(815301076,1909f56bfc062723c751e8b465ee728b)
Start importing Assets/Art/countertop.png using Guid(00ead5066f624144b9efc5e4cfeff186) Importer(815301076,1909f56bfc062723c751e8b465ee728b)  -> (artifact id: '57220688d13b2f78d3a43739c7a96fa1') in 0.014649 seconds 
  Import took 0.017241 seconds .

========================================================================
Received Import Request.
  Time since last request: 0.000173 seconds.
  path: Assets/Art/fridge.png
  artifactKey: Guid(fd2384589636cd54199c015175622f90) Importer(815301076,1909f56bfc062723c751e8b465ee728b)
Start importing Assets/Art/fridge.png using Guid(fd2384589636cd54199c015175622f90) Importer(815301076,1909f56bfc062723c751e8b465ee728b)  -> (artifact id: 'de36a1d3cea5bb7f211202c9f8cbe735') in 0.012286 seconds 
  Import took 0.015176 seconds .

========================================================================
Received Import Request.
  Time since last request: 6.635713 seconds.
  path: Assets/Art/chars
  artifactKey: Guid(fd5f2df349666ee408d9b4c677903369) Importer(815301076,1909f56bfc062723c751e8b465ee728b)
Start importing Assets/Art/chars using Guid(fd5f2df349666ee408d9b4c677903369) Importer(815301076,1909f56bfc062723c751e8b465ee728b)  -> (artifact id: 'ada46659f60d4a8e7d222e5411bd46db') in 0.002962 seconds 
  Import took 0.005745 seconds .

========================================================================
Received Import Request.
  Time since last request: 7.496045 seconds.
  path: Assets/Art/chars/arm.png
  artifactKey: Guid(cff4459750d807b4381d4c9cd4858a22) Importer(815301076,1909f56bfc062723c751e8b465ee728b)
Start importing Assets/Art/chars/arm.png using Guid(cff4459750d807b4381d4c9cd4858a22) Importer(815301076,1909f56bfc062723c751e8b465ee728b)  -> (artifact id: '454cd78e6ff69f6af9f4703b200717bc') in 0.019306 seconds 
  Import took 0.022589 seconds .

========================================================================
Received Import Request.
  Time since last request: 0.000145 seconds.
  path: Assets/Art/chars/legs.png
  artifactKey: Guid(d477c667556cd644cb74c67e6255c8f0) Importer(815301076,1909f56bfc062723c751e8b465ee728b)
Start importing Assets/Art/chars/legs.png using Guid(d477c667556cd644cb74c67e6255c8f0) Importer(815301076,1909f56bfc062723c751e8b465ee728b)  -> (artifact id: '78b1b9a8b84cf7435ec1b42c161f42bb') in 0.015461 seconds 
  Import took 0.018238 seconds .

========================================================================
Received Import Request.
  Time since last request: 317.885628 seconds.
  path: Assets/Art/chars/tomato test.png
  artifactKey: Guid(ed372406804884944b315df9bacfe3ea) Importer(815301076,1909f56bfc062723c751e8b465ee728b)
Start importing Assets/Art/chars/tomato test.png using Guid(ed372406804884944b315df9bacfe3ea) Importer(815301076,1909f56bfc062723c751e8b465ee728b)  -> (artifact id: '989406bef022496db8895d0bd6bfe29f') in 0.042495 seconds 
  Import took 0.045749 seconds .

========================================================================
Received Import Request.
  Time since last request: 17.167593 seconds.
  path: Assets/Art/chars/arm.png
  artifactKey: Guid(cff4459750d807b4381d4c9cd4858a22) Importer(815301076,1909f56bfc062723c751e8b465ee728b)
Start importing Assets/Art/chars/arm.png using Guid(cff4459750d807b4381d4c9cd4858a22) Importer(815301076,1909f56bfc062723c751e8b465ee728b)  -> (artifact id: '03e1858d17e0637c8b855b1004ed503c') in 0.015335 seconds 
  Import took 0.018466 seconds .

========================================================================
Received Import Request.
  Time since last request: 0.000184 seconds.
  path: Assets/Art/chars/legs.png
  artifactKey: Guid(d477c667556cd644cb74c67e6255c8f0) Importer(815301076,1909f56bfc062723c751e8b465ee728b)
Start importing Assets/Art/chars/legs.png using Guid(d477c667556cd644cb74c67e6255c8f0) Importer(815301076,1909f56bfc062723c751e8b465ee728b)  -> (artifact id: '022f650b656b9d50891e5d48a5c6ddae') in 0.029540 seconds 
  Import took 0.033038 seconds .

========================================================================
Received Import Request.
  Time since last request: 0.000225 seconds.
  path: Assets/Art/chars/tomato test.png
  artifactKey: Guid(ed372406804884944b315df9bacfe3ea) Importer(815301076,1909f56bfc062723c751e8b465ee728b)
Start importing Assets/Art/chars/tomato test.png using Guid(ed372406804884944b315df9bacfe3ea) Importer(815301076,1909f56bfc062723c751e8b465ee728b)  -> (artifact id: '624c46119c285ea45d7650a6c5fe9cf1') in 0.011293 seconds 
  Import took 0.014341 seconds .

========================================================================
Received Import Request.
  Time since last request: 469.499568 seconds.
  path: Assets/Art/chars/arm.png
  artifactKey: Guid(cff4459750d807b4381d4c9cd4858a22) Importer(815301076,1909f56bfc062723c751e8b465ee728b)
Start importing Assets/Art/chars/arm.png using Guid(cff4459750d807b4381d4c9cd4858a22) Importer(815301076,1909f56bfc062723c751e8b465ee728b)  -> (artifact id: '7707b082874e92b247a71c6a71e3ef1a') in 0.023258 seconds 
  Import took 0.026896 seconds .

========================================================================
Received Import Request.
  Time since last request: 89.180621 seconds.
  path: Assets/Art/chars/arm.png
  artifactKey: Guid(cff4459750d807b4381d4c9cd4858a22) Importer(815301076,1909f56bfc062723c751e8b465ee728b)
Start importing Assets/Art/chars/arm.png using Guid(cff4459750d807b4381d4c9cd4858a22) Importer(815301076,1909f56bfc062723c751e8b465ee728b)  -> (artifact id: '246a9e00d2add8c21e2ed74f6d908a25') in 0.073915 seconds 
  Import took 0.076950 seconds .

========================================================================
Received Import Request.
  Time since last request: 14.314155 seconds.
  path: Assets/Art/chars/legs.png
  artifactKey: Guid(d477c667556cd644cb74c67e6255c8f0) Importer(815301076,1909f56bfc062723c751e8b465ee728b)
Start importing Assets/Art/chars/legs.png using Guid(d477c667556cd644cb74c67e6255c8f0) Importer(815301076,1909f56bfc062723c751e8b465ee728b)  -> (artifact id: 'c8cc73268c4d5cb2c522d1a9bb89557c') in 0.058471 seconds 
  Import took 0.061890 seconds .

========================================================================
Received Import Request.
  Time since last request: 26.506949 seconds.
  path: Assets/Art/chars/tomato test.png
  artifactKey: Guid(ed372406804884944b315df9bacfe3ea) Importer(815301076,1909f56bfc062723c751e8b465ee728b)
Start importing Assets/Art/chars/tomato test.png using Guid(ed372406804884944b315df9bacfe3ea) Importer(815301076,1909f56bfc062723c751e8b465ee728b)  -> (artifact id: 'd1e1b3252acbef6a61b05966d09a7477') in 0.090265 seconds 
  Import took 0.093360 seconds .

